<?xml version="1.0" encoding="UTF-8"?>
<testsuite xmlns:xsi="http://www.w3.org/2001/XMLSchema-instance" xsi:noNamespaceSchemaLocation="https://maven.apache.org/surefire/maven-surefire-plugin/xsd/surefire-test-report-3.0.xsd" version="3.0" name="app.GroovySpockTest" time="0.044" tests="1" errors="0" skipped="0" failures="0">
  <properties>
    <property name="sun.desktop" value="windows"/>
    <property name="awt.toolkit" value="sun.awt.windows.WToolkit"/>
    <property name="file.encoding.pkg" value="sun.io"/>
    <property name="java.specification.version" value="1.8"/>
    <property name="sun.cpu.isalist" value="amd64"/>
    <property name="sun.jnu.encoding" value="Cp1252"/>
    <property name="java.class.path" value="D:\Java Unit Testing and Refactoring\Day2\Projects\Spock-Groovy\Junit5-spock-test\target\test-classes;D:\Java Unit Testing and Refactoring\Day2\Projects\Spock-Groovy\Junit5-spock-test\target\classes;C:\Users\Prakash\.m2\repository\org\spockframework\spock-core\2.0-M2-groovy-3.0\spock-core-2.0-M2-groovy-3.0.jar;C:\Users\Prakash\.m2\repository\org\codehaus\groovy\groovy\3.0.0\groovy-3.0.0.jar;C:\Users\Prakash\.m2\repository\org\codehaus\groovy\groovy-json\3.0.0\groovy-json-3.0.0.jar;C:\Users\Prakash\.m2\repository\org\codehaus\groovy\groovy-nio\3.0.0\groovy-nio-3.0.0.jar;C:\Users\Prakash\.m2\repository\org\codehaus\groovy\groovy-macro\3.0.0\groovy-macro-3.0.0.jar;C:\Users\Prakash\.m2\repository\org\codehaus\groovy\groovy-templates\3.0.0\groovy-templates-3.0.0.jar;C:\Users\Prakash\.m2\repository\org\codehaus\groovy\groovy-test\3.0.0\groovy-test-3.0.0.jar;C:\Users\Prakash\.m2\repository\org\codehaus\groovy\groovy-sql\3.0.0\groovy-sql-3.0.0.jar;C:\Users\Prakash\.m2\repository\org\codehaus\groovy\groovy-xml\3.0.0\groovy-xml-3.0.0.jar;C:\Users\Prakash\.m2\repository\org\junit\platform\junit-platform-engine\1.5.2\junit-platform-engine-1.5.2.jar;C:\Users\Prakash\.m2\repository\org\opentest4j\opentest4j\1.2.0\opentest4j-1.2.0.jar;C:\Users\Prakash\.m2\repository\org\junit\platform\junit-platform-commons\1.5.2\junit-platform-commons-1.5.2.jar;C:\Users\Prakash\.m2\repository\junit\junit\4.12\junit-4.12.jar;C:\Users\Prakash\.m2\repository\org\hamcrest\hamcrest-core\1.3\hamcrest-core-1.3.jar;C:\Users\Prakash\.m2\repository\org\junit\jupiter\junit-jupiter-engine\5.6.2\junit-jupiter-engine-5.6.2.jar;C:\Users\Prakash\.m2\repository\org\apiguardian\apiguardian-api\1.1.0\apiguardian-api-1.1.0.jar;C:\Users\Prakash\.m2\repository\org\junit\jupiter\junit-jupiter-api\5.6.2\junit-jupiter-api-5.6.2.jar;"/>
    <property name="java.vm.vendor" value="Oracle Corporation"/>
    <property name="sun.arch.data.model" value="64"/>
    <property name="user.variant" value=""/>
    <property name="java.vendor.url" value="http://java.oracle.com/"/>
    <property name="user.timezone" value="Asia/Calcutta"/>
    <property name="java.vm.specification.version" value="1.8"/>
    <property name="os.name" value="Windows 7"/>
    <property name="user.country" value="US"/>
    <property name="sun.java.launcher" value="SUN_STANDARD"/>
    <property name="sun.boot.library.path" value="D:\jdk1.8.144\jre\bin"/>
    <property name="sun.java.command" value="C:\Users\Prakash\AppData\Local\Temp\surefire5705633114313864007\surefirebooter1032503161464750759.jar C:\Users\Prakash\AppData\Local\Temp\surefire5705633114313864007 2020-08-14T09-30-01_633-jvmRun1 surefire1761229940279140493tmp surefire_05682405450913504395tmp"/>
    <property name="surefire.test.class.path" value="D:\Java Unit Testing and Refactoring\Day2\Projects\Spock-Groovy\Junit5-spock-test\target\test-classes;D:\Java Unit Testing and Refactoring\Day2\Projects\Spock-Groovy\Junit5-spock-test\target\classes;C:\Users\Prakash\.m2\repository\org\spockframework\spock-core\2.0-M2-groovy-3.0\spock-core-2.0-M2-groovy-3.0.jar;C:\Users\Prakash\.m2\repository\org\codehaus\groovy\groovy\3.0.0\groovy-3.0.0.jar;C:\Users\Prakash\.m2\repository\org\codehaus\groovy\groovy-json\3.0.0\groovy-json-3.0.0.jar;C:\Users\Prakash\.m2\repository\org\codehaus\groovy\groovy-nio\3.0.0\groovy-nio-3.0.0.jar;C:\Users\Prakash\.m2\repository\org\codehaus\groovy\groovy-macro\3.0.0\groovy-macro-3.0.0.jar;C:\Users\Prakash\.m2\repository\org\codehaus\groovy\groovy-templates\3.0.0\groovy-templates-3.0.0.jar;C:\Users\Prakash\.m2\repository\org\codehaus\groovy\groovy-test\3.0.0\groovy-test-3.0.0.jar;C:\Users\Prakash\.m2\repository\org\codehaus\groovy\groovy-sql\3.0.0\groovy-sql-3.0.0.jar;C:\Users\Prakash\.m2\repository\org\codehaus\groovy\groovy-xml\3.0.0\groovy-xml-3.0.0.jar;C:\Users\Prakash\.m2\repository\org\junit\platform\junit-platform-engine\1.5.2\junit-platform-engine-1.5.2.jar;C:\Users\Prakash\.m2\repository\org\opentest4j\opentest4j\1.2.0\opentest4j-1.2.0.jar;C:\Users\Prakash\.m2\repository\org\junit\platform\junit-platform-commons\1.5.2\junit-platform-commons-1.5.2.jar;C:\Users\Prakash\.m2\repository\junit\junit\4.12\junit-4.12.jar;C:\Users\Prakash\.m2\repository\org\hamcrest\hamcrest-core\1.3\hamcrest-core-1.3.jar;C:\Users\Prakash\.m2\repository\org\junit\jupiter\junit-jupiter-engine\5.6.2\junit-jupiter-engine-5.6.2.jar;C:\Users\Prakash\.m2\repository\org\apiguardian\apiguardian-api\1.1.0\apiguardian-api-1.1.0.jar;C:\Users\Prakash\.m2\repository\org\junit\jupiter\junit-jupiter-api\5.6.2\junit-jupiter-api-5.6.2.jar;"/>
    <property name="sun.cpu.endian" value="little"/>
    <property name="user.home" value="C:\Users\Prakash"/>
    <property name="user.language" value="en"/>
    <property name="java.specification.vendor" value="Oracle Corporation"/>
    <property name="java.home" value="D:\jdk1.8.144\jre"/>
    <property name="basedir" value="D:\Java Unit Testing and Refactoring\Day2\Projects\Spock-Groovy\Junit5-spock-test"/>
    <property name="file.separator" value="\"/>
    <property name="line.separator" value="&#10;"/>
    <property name="java.vm.specification.vendor" value="Oracle Corporation"/>
    <property name="java.specification.name" value="Java Platform API Specification"/>
    <property name="java.awt.graphicsenv" value="sun.awt.Win32GraphicsEnvironment"/>
    <property name="surefire.real.class.path" value="C:\Users\Prakash\AppData\Local\Temp\surefire5705633114313864007\surefirebooter1032503161464750759.jar"/>
    <property name="sun.boot.class.path" value="D:\jdk1.8.144\jre\lib\resources.jar;D:\jdk1.8.144\jre\lib\rt.jar;D:\jdk1.8.144\jre\lib\sunrsasign.jar;D:\jdk1.8.144\jre\lib\jsse.jar;D:\jdk1.8.144\jre\lib\jce.jar;D:\jdk1.8.144\jre\lib\charsets.jar;D:\jdk1.8.144\jre\lib\jfr.jar;D:\jdk1.8.144\jre\classes"/>
    <property name="user.script" value=""/>
    <property name="sun.management.compiler" value="HotSpot 64-Bit Tiered Compilers"/>
    <property name="java.runtime.version" value="1.8.0_144-b01"/>
    <property name="user.name" value="Prakash"/>
    <property name="path.separator" value=";"/>
    <property name="os.version" value="6.1"/>
    <property name="java.endorsed.dirs" value="D:\jdk1.8.144\jre\lib\endorsed"/>
    <property name="java.runtime.name" value="Java(TM) SE Runtime Environment"/>
    <property name="file.encoding" value="Cp1252"/>
    <property name="java.vm.name" value="Java HotSpot(TM) 64-Bit Server VM"/>
    <property name="localRepository" value="C:\Users\Prakash\.m2\repository"/>
    <property name="java.vendor.url.bug" value="http://bugreport.sun.com/bugreport/"/>
    <property name="java.io.tmpdir" value="C:\Users\Prakash\AppData\Local\Temp\"/>
    <property name="java.version" value="1.8.0_144"/>
    <property name="user.dir" value="D:\Java Unit Testing and Refactoring\Day2\Projects\Spock-Groovy\Junit5-spock-test"/>
    <property name="os.arch" value="amd64"/>
    <property name="java.vm.specification.name" value="Java Virtual Machine Specification"/>
    <property name="java.awt.printerjob" value="sun.awt.windows.WPrinterJob"/>
    <property name="sun.os.patch.level" value="Service Pack 1"/>
    <property name="java.library.path" value="D:\jdk1.8.144\jre\bin;C:\Windows\Sun\Java\bin;C:\Windows\system32;C:\Windows;D:/jdk1.8.144/jre/bin/server;D:/jdk1.8.144/jre/bin;D:/jdk1.8.144/jre/lib/amd64;D:/jdk1.8.144/bin;D:/apache-groovy-binary-3.0.4/bin;C:/Program Files/Git/bin;C:\Windows\System32;C:\Python27;C:\Users\Prakash\AppData\Roaming\npm;D:\curl-7.70\bin;C:\Windows\System32\WindowsPowerShell\v1.0;;D:\Eclipse-2020-03\eclipse;;."/>
    <property name="java.vm.info" value="mixed mode"/>
    <property name="java.vendor" value="Oracle Corporation"/>
    <property name="java.vm.version" value="25.144-b01"/>
    <property name="java.ext.dirs" value="D:\jdk1.8.144\jre\lib\ext;C:\Windows\Sun\Java\lib\ext"/>
    <property name="sun.io.unicode.encoding" value="UnicodeLittle"/>
    <property name="java.class.version" value="52.0"/>
  </properties>
  <testcase name="test with HashMap to verify accept null key" classname="app.GroovySpockTest" time="0.044"/>
</testsuite>